<?xml version="1.0" encoding="UTF-8"?>
<!-- Generated by org.testng.reporters.JUnitReportReporter -->
<testsuite hostname="Mark_Dev1" name="SimpleTestCase" tests="1" failures="0" timestamp="4 Mar 2014 04:49:34 GMT" time="0.031" errors="0">
  <testcase name="testEmptyCollection" time="0.031" classname="SimpleTestCase"/>
</testsuite> <!-- SimpleTestCase -->
