<?xml version="1.0" encoding="UTF-8"?>
<!-- Generated by org.testng.reporters.JUnitReportReporter -->
<testsuite hostname="Mark_Dev1" name="test.java.Sample.SimpleTestCase" tests="1" failures="0" timestamp="5 Mar 2014 01:17:20 GMT" time="0.047" errors="0">
  <testcase name="testEmptyCollection" time="0.047" classname="test.java.Sample.SimpleTestCase"/>
</testsuite> <!-- test.java.Sample.SimpleTestCase -->
